<?xml version="1.0" encoding="UTF-8"?>
<!-- Generated by org.testng.reporters.JUnitXMLReporter -->
<testsuite ignored="2" hostname="Neethu" failures="0" tests="2" name="grouping" time="8.204" errors="0" timestamp="2025-02-10T14:58:38 IST">
  <testcase classname="testScript.LoginTest" name="verifyLoginWithInvalidUsenameValidPassword" time="1.851"/>
  <testcase classname="testScript.LoginTest" name="verifyLoginWithInvalidUsenameInValidPassword" time="0.97"/>
  <testcase classname="testScript.LoginTest" name="verifyLoginWithValidCredentials" time="0.0">
    <ignored/>
  </testcase> <!-- verifyLoginWithValidCredentials -->
  <testcase classname="testScript.LoginTest" name="verifyLoginWithValidUsernameInvalidPassword" time="0.0">
    <ignored/>
  </testcase> <!-- verifyLoginWithValidUsernameInvalidPassword -->
</testsuite> <!-- grouping -->
