<?xml version="1.0" encoding="UTF-8"?>
<!-- Generated by org.testng.reporters.JUnitXMLReporter -->
<testsuite ignored="1" hostname="Neethu" failures="0" tests="1" name="Default test" time="11.353" errors="0" timestamp="2025-02-05T10:27:06 IST">
  <testcase classname="testScript.CategoryTest" name="verifyCreationOfNewCategoryInCategoryPage" time="7.692"/>
  <testcase classname="testScript.CategoryTest" name="verifyDeleteOfCategory" time="0.0">
    <ignored/>
  </testcase> <!-- verifyDeleteOfCategory -->
</testsuite> <!-- Default test -->
